<?xml version="1.0" encoding="UTF-8"?>
<!-- Generated by org.testng.reporters.JUnitReportReporter -->
<testsuite hostname="LAPTOP-ML2SKBKT" failures="0" tests="1" name="com.session3.HeadersDemo" time="4.312" errors="0" timestamp="2023-01-12T19:16:33 IST" skipped="0">
  <testcase classname="com.session3.HeadersDemo" name="testGetHeadersInformation" time="4.312"/>
  <system-out/>
</testsuite> <!-- com.session3.HeadersDemo -->
