<?xml version="1.0" encoding="UTF-8"?>
<!-- Generated by org.testng.reporters.JUnitReportReporter -->
<testsuite hostname="LAPTOP-ML2SKBKT" failures="0" tests="1" name="com.session5.FileUploadAndDownload" time="1.307" errors="0" timestamp="2023-01-23T16:42:48 IST" skipped="0">
  <testcase classname="com.session5.FileUploadAndDownload" name="testFileDownload" time="1.307"/>
  <system-out/>
</testsuite> <!-- com.session5.FileUploadAndDownload -->
