<?xml version="1.0" encoding="UTF-8"?>
<!-- Generated by org.testng.reporters.JUnitReportReporter -->
<testsuite hostname="LAPTOP-ML2SKBKT" failures="0" tests="1" name="com.session6.JsonSchemaValidation" time="3.172" errors="0" timestamp="2023-01-29T12:50:53 IST" skipped="0">
  <testcase classname="com.session6.JsonSchemaValidation" name="jsonSchemaValidation" time="3.172"/>
  <system-out/>
</testsuite> <!-- com.session6.JsonSchemaValidation -->
