<?xml version="1.0" encoding="UTF-8"?>
<!-- Generated by org.testng.reporters.JUnitReportReporter -->
<testsuite hostname="LAPTOP-ML2SKBKT" failures="0" tests="1" name="com.session3.PathAndQueryParameters" time="1.806" errors="0" timestamp="2023-01-12T09:28:53 IST" skipped="0">
  <testcase classname="com.session3.PathAndQueryParameters" name="testPathAndQueryParameters" time="1.806"/>
  <system-out/>
</testsuite> <!-- com.session3.PathAndQueryParameters -->
