<?xml version="1.0" encoding="UTF-8"?>
<!-- Generated by org.testng.reporters.JUnitReportReporter -->
<testsuite hostname="LAPTOP-ML2SKBKT" failures="0" tests="1" name="com.restapi.HttpRequests" time="4.207" errors="0" timestamp="2023-01-27T22:20:12 IST" skipped="0">
  <testcase classname="com.restapi.HttpRequests" name="getUser" time="4.207"/>
  <system-out/>
</testsuite> <!-- com.restapi.HttpRequests -->
