<?xml version="1.0" encoding="UTF-8"?>
<!-- Generated by org.testng.reporters.JUnitReportReporter -->
<testsuite hostname="LAPTOP-ML2SKBKT" failures="0" tests="1" name="com.session7.FakerDataGenerator" time="0.461" errors="0" timestamp="2023-03-04T16:11:48 IST" skipped="0">
  <testcase classname="com.session7.FakerDataGenerator" name="testGenerateFakeData" time="0.461"/>
  <system-out/>
</testsuite> <!-- com.session7.FakerDataGenerator -->
