<?xml version="1.0" encoding="UTF-8"?>
<!-- Generated by org.testng.reporters.JUnitReportReporter -->
<testsuite hostname="LAPTOP-ML2SKBKT" failures="0" tests="1" name="com.session3.LoggingDemo" time="4.616" errors="0" timestamp="2023-01-12T19:19:25 IST" skipped="0">
  <testcase classname="com.session3.LoggingDemo" name="testLoggingDemo" time="4.616"/>
  <system-out/>
</testsuite> <!-- com.session3.LoggingDemo -->
