<?xml version="1.0" encoding="UTF-8"?>
<!-- Generated by org.testng.reporters.JUnitReportReporter -->
<testsuite hostname="LAPTOP-ML2SKBKT" failures="0" tests="2" name="com.session2.WaysToCreatePostRequestBody" time="3.527" errors="0" timestamp="2023-01-07T15:48:16 IST" skipped="0">
  <testcase classname="com.session2.WaysToCreatePostRequestBody" name="testPostUsingExternalJsonFile" time="3.462"/>
  <system-out/>
  <testcase classname="com.session2.WaysToCreatePostRequestBody" name="testDelete" time="0.065"/>
  <system-out/>
</testsuite> <!-- com.session2.WaysToCreatePostRequestBody -->
