<?xml version="1.0" encoding="UTF-8"?>
<!-- Generated by org.testng.reporters.JUnitReportReporter -->
<testsuite hostname="LAPTOP-ML2SKBKT" failures="0" tests="1" name="com.session4.ParsingJsonResponseData" time="2.290" errors="0" timestamp="2023-01-17T08:28:18 IST" skipped="0">
  <testcase classname="com.session4.ParsingJsonResponseData" name="testJsonResponseBodyData" time="2.290"/>
  <system-out/>
</testsuite> <!-- com.session4.ParsingJsonResponseData -->
